[Sun Oct 15 03:00:12 2017] Failed to include class AdController
[Sun Oct 15 03:00:55 2017] Failed to include class AdController
[Sun Oct 15 03:01:32 2017] Failed to include class AdController
[Sun Oct 15 03:01:59 2017] Failed to include class AdController
[Sun Oct 15 03:02:42 2017] Failed to include class AdController
[Sun Oct 15 03:06:27 2017] Failed to include class AdController
[Sun Oct 15 03:08:22 2017] Failed to include class AdController
[Sun Oct 15 03:08:31 2017] Failed to include class PagesController
[Sun Oct 15 03:09:04 2017] Failed to include class HomeController
[Sun Oct 15 03:10:21 2017] Failed to include class HomeController
[Sun Oct 15 03:10:28 2017] Failed to include class HomesController
[Sun Oct 15 03:10:33 2017] Failed to include class HomeController
[Sun Oct 15 03:11:16 2017] Failed to include class HomeController
[Sun Oct 15 03:12:00 2017] Failed to include class HomeController
[Sun Oct 15 03:14:56 2017] Failed to include class HomeController
[Sun Oct 15 03:14:57 2017] Failed to include class HomeController
[Sun Oct 15 03:14:57 2017] Failed to include class HomeController
[Sun Oct 15 03:14:57 2017] Failed to include class HomeController
[Sun Oct 15 03:14:58 2017] Failed to include class HomeController
[Sun Oct 15 03:15:20 2017] Failed to include class HomeController
[Sun Oct 15 03:15:45 2017] Failed to include class HomeController
[Sun Oct 15 03:15:46 2017] Failed to include class HomeController
[Sun Oct 15 03:15:47 2017] Failed to include class HomeController
[Sun Oct 15 03:16:45 2017] Failed to include class HomeController
[Sun Oct 15 03:16:47 2017] Failed to include class HomeController
[Sun Oct 15 03:16:47 2017] Failed to include class HomeController
[Sun Oct 15 03:16:48 2017] Failed to include class HomeController
[Sun Oct 15 03:16:48 2017] Failed to include class HomeController
[Sun Oct 15 03:17:10 2017] Failed to include class HomeController
[Sun Oct 15 03:21:51 2017] Failed to include class HoddController
[Sun Oct 15 03:23:37 2017] Failed to include class HoddController
[Sun Oct 15 03:23:47 2017] Failed to include class IxviController
[Sun Oct 15 21:55:22 2017] Failed to include class HoController
[Mon Oct 16 20:00:13 2017] Template file is not found!
[Mon Oct 16 20:00:13 2017] Template file is not found!
[Mon Oct 16 20:02:15 2017] Template file is not found!
[Mon Oct 16 20:02:15 2017] Template file is not found!
[Mon Oct 16 20:03:30 2017] Template file is not found!
[Mon Oct 16 20:03:30 2017] Template file is not found!
[Mon Oct 16 20:04:20 2017] Template file is not found!
[Mon Oct 16 20:04:20 2017] Template file is not found!
[Mon Oct 16 20:05:44 2017] Template file is not found!
php_eol[Mon Oct 16 20:05:44 2017] Template file is not found!
php_eol[Mon Oct 16 20:06:06 2017] Template file is not found!

[Mon Oct 16 20:06:06 2017] Template file is not found!

[Mon Oct 16 20:06:37 2017] Template file is not found!

[Mon Oct 16 20:06:37 2017] Template file is not found!

[Mon Oct 16 20:06:53 2017] Template file is not found!

[Mon Oct 16 20:06:53 2017] Template file is not found!

[Mon Oct 16 20:07:22 2017] Template file is not found!
[Mon Oct 16 20:07:22 2017] Template file is not found!
[Mon Oct 16 20:09:40 2017] Template file is not found!
[Mon Oct 16 20:09:40 2017] Failed to include class CssController
[Mon Oct 16 20:09:54 2017] Template file is not found!
[Mon Oct 16 20:09:54 2017] Failed to include class CssController
[Mon Oct 16 20:16:57 2017] Template file is not found!
[Mon Oct 16 20:16:57 2017] Failed to include class CssController
[Mon Oct 16 20:16:58 2017] Template file is not found!
[Mon Oct 16 20:16:58 2017] Failed to include class CssController
[Mon Oct 16 20:16:59 2017] Template file is not found!
[Mon Oct 16 20:16:59 2017] Failed to include class CssController
[Mon Oct 16 20:16:59 2017] Template file is not found!
[Mon Oct 16 20:16:59 2017] Failed to include class CssController
[Mon Oct 16 20:16:59 2017] Template file is not found!
[Mon Oct 16 20:16:59 2017] Failed to include class CssController
[Mon Oct 16 20:23:01 2017] Template file is not found!
[Mon Oct 16 20:23:01 2017] Failed to include class CssController
[Mon Oct 16 20:23:43 2017] Template file is not found!
[Mon Oct 16 20:23:43 2017] Failed to include class CssController
[Mon Oct 16 20:24:57 2017] Template file is not found!
[Mon Oct 16 20:24:57 2017] Failed to include class CssController
[Mon Oct 16 20:27:04 2017] Template file is not found!
[Mon Oct 16 20:27:04 2017] Failed to include class CssController
[Mon Oct 16 20:29:28 2017] Template file is not found!
[Mon Oct 16 20:29:28 2017] Failed to include class CssController
[Mon Oct 16 20:30:23 2017] Template file is not found!
[Mon Oct 16 20:30:23 2017] Failed to include class CssController
[Mon Oct 16 20:32:26 2017] Template file is not found!
[Mon Oct 16 20:32:26 2017] Failed to include class CssController
[Mon Oct 16 20:32:27 2017] Template file is not found!
[Mon Oct 16 20:32:27 2017] Failed to include class CssController
[Mon Oct 16 20:32:27 2017] Template file is not found!
[Mon Oct 16 20:32:27 2017] Failed to include class CssController
[Mon Oct 16 20:32:28 2017] Template file is not found!
[Mon Oct 16 20:32:28 2017] Failed to include class CssController
[Mon Oct 16 20:32:28 2017] Template file is not found!
[Mon Oct 16 20:32:28 2017] Failed to include class CssController
[Mon Oct 16 20:37:43 2017] Template file is not found!
[Mon Oct 16 20:37:43 2017] Failed to include class CssController
[Mon Oct 16 20:38:01 2017] Template file is not found!
[Mon Oct 16 20:38:01 2017] Failed to include class CssController
[Mon Oct 16 20:39:38 2017] Failed to include class CssController
[Mon Oct 16 20:39:59 2017] Failed to include class CssController
[Mon Oct 16 20:45:16 2017] Failed to include class CssController
[Mon Oct 16 20:45:28 2017] Failed to include class CssController
[Mon Oct 16 20:48:04 2017] Failed to include class CssController
[Mon Oct 16 20:48:09 2017] Failed to include class CssController
[Mon Oct 16 20:48:11 2017] Failed to include class CssController
[Mon Oct 16 20:48:42 2017] Failed to include class CssController
[Mon Oct 16 20:49:48 2017] Failed to include class CssController
[Mon Oct 16 20:50:31 2017] Failed to include class CssController
[Mon Oct 16 20:50:34 2017] Failed to include class CssController
[Mon Oct 16 21:16:40 2017] Template file is not found!
[Mon Oct 16 21:16:40 2017] Failed to include class CssController
[Mon Oct 16 21:16:40 2017] Template file is not found!
[Mon Oct 16 21:17:44 2017] Template file is not found!
[Mon Oct 16 21:17:44 2017] Failed to include class CssController
[Mon Oct 16 21:17:44 2017] Template file is not found!
[Mon Oct 16 21:18:10 2017] Template file is not found!
[Mon Oct 16 21:18:10 2017] Template file is not found!
[Mon Oct 16 21:18:10 2017] Template file is not found!
[Mon Oct 16 21:18:10 2017] Template file is not found!
[Mon Oct 16 21:19:00 2017] Template file is not found!
[Mon Oct 16 21:19:00 2017] Template file is not found!
[Mon Oct 16 21:19:00 2017] Failed to include class CssController
[Mon Oct 16 21:19:00 2017] Template file is not found!
[Mon Oct 16 21:19:05 2017] Template file is not found!
[Mon Oct 16 21:19:05 2017] Failed to include class ApidsdsdController
[Mon Oct 16 21:19:05 2017] Template file is not found!
[Mon Oct 16 21:19:17 2017] Template file is not found!
[Mon Oct 16 21:19:17 2017] Template file is not found!
[Mon Oct 16 21:19:17 2017] Failed to include class CssController
[Mon Oct 16 21:19:17 2017] Template file is not found!
[Mon Oct 16 21:19:43 2017] Template file is not found!
[Mon Oct 16 21:19:43 2017] Template file is not found!
[Mon Oct 16 21:19:43 2017] Failed to include class CssController
[Mon Oct 16 21:19:43 2017] Template file is not found!
[Mon Oct 16 21:19:57 2017] Template file is not found!
[Mon Oct 16 21:19:57 2017] Failed to include class IndexController
[Mon Oct 16 21:19:57 2017] Template file is not found!
[Mon Oct 16 21:22:08 2017] Template file is not found!
[Mon Oct 16 21:22:08 2017] Failed to include class IndexController
[Mon Oct 16 21:22:08 2017] Template file is not found!
[Mon Oct 16 21:22:11 2017] Template file is not found!
[Mon Oct 16 21:22:11 2017] Failed to include class CssController
[Mon Oct 16 21:22:11 2017] Template file is not found!
[Mon Oct 16 21:22:31 2017] Template file is not found!
[Mon Oct 16 21:22:31 2017] Failed to include class CssController
[Mon Oct 16 21:22:31 2017] Template file is not found!
[Mon Oct 16 21:22:40 2017] Template file is not found!
[Mon Oct 16 21:22:40 2017] Failed to include class CssController
[Mon Oct 16 21:22:40 2017] Template file is not found!
[Mon Oct 16 21:23:26 2017] Template file is not found!
[Mon Oct 16 21:23:26 2017] Failed to include class CssController
[Mon Oct 16 21:23:26 2017] Template file is not found!
[Mon Oct 16 21:23:26 2017] Template file is not found!
[Mon Oct 16 21:23:26 2017] Failed to include class CssController
[Mon Oct 16 21:23:26 2017] Template file is not found!
[Mon Oct 16 21:23:27 2017] Template file is not found!
[Mon Oct 16 21:23:27 2017] Failed to include class CssController
[Mon Oct 16 21:23:27 2017] Template file is not found!
[Mon Oct 16 21:23:27 2017] Template file is not found!
[Mon Oct 16 21:23:27 2017] Failed to include class CssController
[Mon Oct 16 21:23:27 2017] Template file is not found!
[Mon Oct 16 21:23:35 2017] Template file is not found!
[Mon Oct 16 21:23:35 2017] Failed to include class CssController
[Mon Oct 16 21:23:35 2017] Template file is not found!
[Mon Oct 16 21:23:47 2017] Template file is not found!
[Mon Oct 16 21:23:47 2017] Failed to include class CssController
[Mon Oct 16 21:23:47 2017] Template file is not found!
[Mon Oct 16 21:24:24 2017] Template file is not found!
[Mon Oct 16 21:24:24 2017] Failed to include class CssController
[Mon Oct 16 21:24:24 2017] Template file is not found!
[Mon Oct 16 21:24:57 2017] Template file is not found!
[Mon Oct 16 21:24:57 2017] Failed to include class CssController
[Mon Oct 16 21:24:57 2017] Template file is not found!
[Mon Oct 16 21:25:13 2017] Template file is not found!
[Mon Oct 16 21:25:13 2017] Failed to include class CssController
[Mon Oct 16 21:25:13 2017] Template file is not found!
[Mon Oct 16 21:25:35 2017] Template file is not found!
[Mon Oct 16 21:25:35 2017] Failed to include class CssController
[Mon Oct 16 21:25:35 2017] Template file is not found!
[Mon Oct 16 21:26:45 2017] Template file is not found!
[Mon Oct 16 21:26:45 2017] Failed to include class CssController
[Mon Oct 16 21:26:45 2017] Template file is not found!
[Mon Oct 16 21:27:08 2017] Template file is not found!
[Mon Oct 16 21:27:08 2017] Failed to include class CssController
[Mon Oct 16 21:27:08 2017] Template file is not found!
[Mon Oct 16 21:27:56 2017] Template file is not found!
[Mon Oct 16 21:27:56 2017] Failed to include class CssController
[Mon Oct 16 21:27:56 2017] Template file is not found!
[Mon Oct 16 21:28:47 2017] Template file is not found!
[Mon Oct 16 21:28:47 2017] Failed to include class CssController
[Mon Oct 16 21:28:47 2017] Template file is not found!
[Mon Oct 16 21:29:03 2017] Template file is not found!
[Mon Oct 16 21:29:03 2017] Failed to include class CssController
[Mon Oct 16 21:29:03 2017] Template file is not found!
[Mon Oct 16 21:29:26 2017] Template file is not found!
[Mon Oct 16 21:29:26 2017] Failed to include class CssController
[Mon Oct 16 21:29:26 2017] Template file is not found!
[Mon Oct 16 21:29:31 2017] Template file is not found!
[Mon Oct 16 21:29:31 2017] Template file is not found!
[Mon Oct 16 21:29:31 2017] Template file is not found!
[Mon Oct 16 21:29:31 2017] Template file is not found!
[Mon Oct 16 21:30:08 2017] Template file is not found!
[Mon Oct 16 21:30:08 2017] Template file is not found!
[Mon Oct 16 21:30:12 2017] Template file is not found!
[Mon Oct 16 21:30:43 2017] Template file is not found!
[Mon Oct 16 21:30:43 2017] Template file is not found!
[Mon Oct 16 21:36:03 2017] Template file is not found!
[Mon Oct 16 21:36:03 2017] Template file is not found!
[Mon Oct 16 21:36:32 2017] Template file is not found!
[Mon Oct 16 21:36:32 2017] Template file is not found!
[Mon Oct 16 21:47:15 2017] Template file is not found!
[Mon Oct 16 21:47:15 2017] Template file is not found!
[Mon Oct 16 21:47:34 2017] Template file is not found!
[Mon Oct 16 21:47:34 2017] Template file is not found!
[Mon Oct 16 21:47:35 2017] Template file is not found!
[Mon Oct 16 21:47:35 2017] Template file is not found!
[Mon Oct 16 21:47:35 2017] Template file is not found!
[Mon Oct 16 21:47:35 2017] Template file is not found!
[Mon Oct 16 21:47:35 2017] Template file is not found!
[Mon Oct 16 21:47:35 2017] Template file is not found!
[Mon Oct 16 21:47:35 2017] Template file is not found!
[Mon Oct 16 21:47:35 2017] Template file is not found!
[Mon Oct 16 21:47:36 2017] Template file is not found!
[Mon Oct 16 21:47:36 2017] Template file is not found!
[Mon Oct 16 21:47:43 2017] Template file is not found!
[Mon Oct 16 21:47:43 2017] Template file is not found!
[Mon Oct 16 21:47:45 2017] Template file is not found!
[Mon Oct 16 21:47:45 2017] Template file is not found!
[Mon Oct 16 21:47:45 2017] Template file is not found!
[Mon Oct 16 21:47:45 2017] Template file is not found!
[Mon Oct 16 21:47:45 2017] Template file is not found!
[Mon Oct 16 21:47:45 2017] Template file is not found!
[Tue Oct 17 02:57:34 2017] Template file is not found!
[Tue Oct 17 02:57:34 2017] Template file is not found!
[Tue Oct 17 02:59:50 2017] Template file is not found!
[Tue Oct 17 02:59:50 2017] Template file is not found!
[Tue Oct 17 03:00:07 2017] Template file is not found!
[Tue Oct 17 03:00:07 2017] Template file is not found!
[Tue Oct 17 03:00:41 2017] Template file is not found!
[Tue Oct 17 03:00:41 2017] Template file is not found!
[Tue Oct 17 03:01:11 2017] Template file is not found!
[Tue Oct 17 03:01:11 2017] Template file is not found!
[Tue Oct 17 03:01:49 2017] Template file is not found!
[Tue Oct 17 03:01:49 2017] Template file is not found!
[Tue Oct 17 03:02:54 2017] Template file is not found!
[Tue Oct 17 03:02:54 2017] Template file is not found!
[Tue Oct 17 03:05:40 2017] Template file is not found!
[Tue Oct 17 03:05:40 2017] Template file is not found!
[Tue Oct 17 03:05:51 2017] Template file is not found!
[Tue Oct 17 03:05:51 2017] Template file is not found!
[Tue Oct 17 03:06:39 2017] Template file is not found!
[Tue Oct 17 03:06:39 2017] Template file is not found!
[Tue Oct 17 03:07:09 2017] Template file is not found!
[Tue Oct 17 03:07:09 2017] Template file is not found!
[Tue Oct 17 03:07:31 2017] Template file is not found!
[Tue Oct 17 03:07:31 2017] Template file is not found!
[Tue Oct 17 03:08:05 2017] Template file is not found!
[Tue Oct 17 03:08:05 2017] Template file is not found!
[Tue Oct 17 03:08:24 2017] Template file is not found!
[Tue Oct 17 03:08:24 2017] Template file is not found!
[Tue Oct 17 03:12:40 2017] Template file is not found!
[Tue Oct 17 03:12:41 2017] Template file is not found!
[Tue Oct 17 03:24:54 2017] Template file is not found!
[Tue Oct 17 03:24:54 2017] Template file is not found!
[Tue Oct 17 03:25:01 2017] Template file is not found!
[Tue Oct 17 03:25:01 2017] Template file is not found!
[Tue Oct 17 03:36:15 2017] Template file is not found!
[Tue Oct 17 03:36:15 2017] Template file is not found!
[Tue Oct 17 03:36:43 2017] Template file is not found!
[Tue Oct 17 03:36:56 2017] Template file is not found!
[Tue Oct 17 03:36:56 2017] Template file is not found!
[Tue Oct 17 03:37:26 2017] Template file is not found!
[Tue Oct 17 03:37:32 2017] Template file is not found!
[Tue Oct 17 03:37:43 2017] Template file is not found!
[Tue Oct 17 03:39:55 2017] Template file is not found!
[Tue Oct 17 03:42:05 2017] Template file is not found!
[Tue Oct 17 03:43:03 2017] Template file is not found!
[Tue Oct 17 03:44:47 2017] Template file is not found!
[Tue Oct 17 03:45:15 2017] Template file is not found!
[Tue Oct 17 03:45:52 2017] Template file is not found!
[Tue Oct 17 03:46:13 2017] Template file is not found!
[Tue Oct 17 03:46:41 2017] Template file is not found!
[Tue Oct 17 03:46:59 2017] Template file is not found!
[Tue Oct 17 03:47:04 2017] Template file is not found!
[Tue Oct 17 03:47:05 2017] Template file is not found!
[Tue Oct 17 03:47:07 2017] Template file is not found!
[Tue Oct 17 03:47:08 2017] Template file is not found!
[Tue Oct 17 03:47:09 2017] Template file is not found!
[Tue Oct 17 03:47:55 2017] Template file is not found!
[Tue Oct 17 03:49:48 2017] Template file is not found!
[Tue Oct 17 03:50:08 2017] Template file is not found!
[Tue Oct 17 03:50:19 2017] Template file is not found!
[Tue Oct 17 03:51:44 2017] Template file is not found!
[Tue Oct 17 03:52:03 2017] Template file is not found!
[Tue Oct 17 03:52:17 2017] Template file is not found!
[Tue Oct 17 03:52:50 2017] Template file is not found!
[Tue Oct 17 03:54:05 2017] Template file is not found!
[Tue Oct 17 03:54:29 2017] Template file is not found!
[Tue Oct 17 03:55:49 2017] Template file is not found!
[Tue Oct 17 03:57:02 2017] Template file is not found!
[Tue Oct 17 04:00:01 2017] Template file is not found!
[Tue Oct 17 04:00:41 2017] Template file is not found!
[Tue Oct 17 04:01:01 2017] Template file is not found!
[Tue Oct 17 04:01:57 2017] Template file is not found!
[Tue Oct 17 04:02:14 2017] Template file is not found!
[Tue Oct 17 04:02:28 2017] Template file is not found!
[Tue Oct 17 04:02:58 2017] Template file is not found!
[Tue Oct 17 04:03:31 2017] Template file is not found!
[Tue Oct 17 04:07:06 2017] Template file is not found!
[Tue Oct 17 04:08:08 2017] Template file is not found!
[Tue Oct 17 04:08:39 2017] Template file is not found!
[Tue Oct 17 04:08:40 2017] Template file is not found!
[Tue Oct 17 04:08:42 2017] Template file is not found!
[Tue Oct 17 04:08:44 2017] Template file is not found!
[Tue Oct 17 04:08:45 2017] Template file is not found!
[Tue Oct 17 04:08:49 2017] Template file is not found!
[Tue Oct 17 04:11:04 2017] Template file is not found!
[Tue Oct 17 04:12:18 2017] Template file is not found!
[Tue Oct 17 04:12:23 2017] Template file is not found!
[Tue Oct 17 04:12:24 2017] Template file is not found!
[Tue Oct 17 04:14:27 2017] Template file is not found!
[Tue Oct 17 04:14:55 2017] Template file is not found!
[Tue Oct 17 04:15:46 2017] Template file is not found!
[Tue Oct 17 04:15:50 2017] Template file is not found!
[Tue Oct 17 04:15:52 2017] Template file is not found!
[Tue Oct 17 04:15:54 2017] Template file is not found!
[Tue Oct 17 04:15:55 2017] Template file is not found!
[Tue Oct 17 04:15:56 2017] Template file is not found!
[Tue Oct 17 04:15:57 2017] Template file is not found!
[Tue Oct 17 04:15:59 2017] Template file is not found!
[Tue Oct 17 04:16:00 2017] Template file is not found!
[Tue Oct 17 04:16:01 2017] Template file is not found!
[Tue Oct 17 04:16:02 2017] Template file is not found!
[Tue Oct 17 04:16:04 2017] Template file is not found!
[Tue Oct 17 04:16:09 2017] Template file is not found!
[Tue Oct 17 04:16:11 2017] Template file is not found!
[Tue Oct 17 04:16:16 2017] Template file is not found!
[Tue Oct 17 04:16:20 2017] Template file is not found!
[Tue Oct 17 04:16:21 2017] Template file is not found!
[Tue Oct 17 04:16:50 2017] Template file is not found!
[Tue Oct 17 04:16:51 2017] Template file is not found!
[Tue Oct 17 04:16:58 2017] Template file is not found!
[Tue Oct 17 04:16:58 2017] Template file is not found!
[Tue Oct 17 04:16:59 2017] Template file is not found!
[Tue Oct 17 04:16:59 2017] Template file is not found!
[Tue Oct 17 04:17:00 2017] Template file is not found!
[Tue Oct 17 04:17:00 2017] Template file is not found!
[Tue Oct 17 04:17:14 2017] Template file is not found!
[Tue Oct 17 04:17:14 2017] Failed to include class ApidsdsController
[Tue Oct 17 04:17:14 2017] Template file is not found!
[Tue Oct 17 04:22:10 2017] Template file is not found!
[Tue Oct 17 04:22:10 2017] Failed to include class ApidsdsController
[Tue Oct 17 04:22:10 2017] Template file is not found!
[Tue Oct 17 04:27:57 2017] Template file is not found!
[Tue Oct 17 04:28:12 2017] Template file is not found!
[Tue Oct 17 04:28:12 2017] Template file is not found!
[Tue Oct 17 04:28:21 2017] Template file is not found!
[Tue Oct 17 04:28:21 2017] Template file is not found!
[Tue Oct 17 04:29:34 2017] Template file is not found!
[Tue Oct 17 04:29:34 2017] Template file is not found!
[Tue Oct 17 04:29:51 2017] Template file is not found!
[Tue Oct 17 04:29:51 2017] Template file is not found!
[Tue Oct 17 04:30:03 2017] Template file is not found!
[Tue Oct 17 04:30:03 2017] Failed to include class DsController
[Tue Oct 17 04:30:04 2017] Template file is not found!
[Tue Oct 17 04:30:41 2017] Template file is not found!
[Tue Oct 17 04:30:41 2017] Failed to include class DsController
[Tue Oct 17 04:30:41 2017] Template file is not found!
[Tue Oct 17 04:33:10 2017] Template file is not found!
[Tue Oct 17 04:33:10 2017] Failed to include class ApidsdsController
[Tue Oct 17 04:33:10 2017] Template file is not found!
[Tue Oct 17 04:33:16 2017] Template file is not found!
[Tue Oct 17 04:33:16 2017] Template file is not found!
[Tue Oct 17 04:33:24 2017] Template file is not found!
[Tue Oct 17 04:33:24 2017] Template file is not found!
[Tue Oct 17 04:34:01 2017] Template file is not found!
[Tue Oct 17 04:34:01 2017] Template file is not found!
[Tue Oct 17 04:34:08 2017] Template file is not found!
[Tue Oct 17 04:34:08 2017] Failed to include class DsController
[Tue Oct 17 04:34:08 2017] Template file is not found!
[Tue Oct 17 04:34:41 2017] Template file is not found!
[Tue Oct 17 04:34:41 2017] Failed to include class DsController
[Tue Oct 17 04:34:41 2017] Template file is not found!
[Tue Oct 17 04:37:45 2017] Template file is not found!
[Tue Oct 17 04:37:45 2017] Failed to include class DsController
[Tue Oct 17 04:37:45 2017] Template file is not found!
[Tue Oct 17 04:38:03 2017] Template file is not found!
[Tue Oct 17 04:38:03 2017] Failed to include class DsController
[Tue Oct 17 04:38:03 2017] Template file is not found!
[Tue Oct 17 04:39:32 2017] Template file is not found!
[Tue Oct 17 04:39:32 2017] Failed to include class DsController
[Tue Oct 17 04:39:32 2017] Failed to include class DsController
[Tue Oct 17 04:39:32 2017] Template file is not found!
[Tue Oct 17 04:40:07 2017] Template file is not found!
[Tue Oct 17 04:40:07 2017] Failed to include class DsController
[Tue Oct 17 04:40:07 2017] Failed to include class DsController
[Tue Oct 17 04:40:07 2017] Template file is not found!
[Tue Oct 17 04:40:36 2017] Template file is not found!
[Tue Oct 17 04:40:36 2017] Failed to include class DsController
[Tue Oct 17 04:40:36 2017] Failed to include class DsController
[Tue Oct 17 04:40:36 2017] Template file is not found!
[Tue Oct 17 04:40:45 2017] Template file is not found!
[Tue Oct 17 04:40:45 2017] Template file is not found!
[Tue Oct 17 04:40:53 2017] Template file is not found!
[Tue Oct 17 04:40:54 2017] Template file is not found!
[Tue Oct 17 04:40:55 2017] Template file is not found!
[Tue Oct 17 04:40:56 2017] Template file is not found!
[Tue Oct 17 04:41:19 2017] Template file is not found!
[Tue Oct 17 04:41:20 2017] Template file is not found!
[Tue Oct 17 04:41:21 2017] Template file is not found!
[Tue Oct 17 04:41:28 2017] Template file is not found!
[Tue Oct 17 04:41:30 2017] Template file is not found!
[Tue Oct 17 04:41:56 2017] Template file is not found!
[Tue Oct 17 04:41:56 2017] Failed to include class SdfadsdsController
[Tue Oct 17 04:41:56 2017] Failed to include class SdfadsdsController
[Tue Oct 17 04:41:56 2017] Template file is not found!
[Tue Oct 17 04:42:02 2017] Template file is not found!
[Tue Oct 17 04:42:03 2017] Template file is not found!
[Tue Oct 17 04:42:17 2017] Template file is not found!
[Tue Oct 17 04:42:17 2017] Failed to include class DsController
[Tue Oct 17 04:42:17 2017] Failed to include class DsController
[Tue Oct 17 04:42:17 2017] Template file is not found!
[Tue Oct 17 04:43:32 2017] Template file is not found!
[Tue Oct 17 04:43:32 2017] Template file is not found!
[Tue Oct 17 04:43:52 2017] Template file is not found!
[Tue Oct 17 04:43:52 2017] Template file is not found!
[Tue Oct 17 04:44:18 2017] Template file is not found!
[Tue Oct 17 04:44:18 2017] Template file is not found!
[Tue Oct 17 04:46:49 2017] Template file is not found!
[Tue Oct 17 04:46:49 2017] Template file is not found!
[Tue Oct 17 04:46:54 2017] Template file is not found!
[Tue Oct 17 04:46:54 2017] Template file is not found!
[Tue Oct 17 04:50:00 2017] Template file is not found!
[Tue Oct 17 04:50:00 2017] Failed to include class DsController
[Tue Oct 17 04:50:00 2017] Failed to include class DsController
[Tue Oct 17 04:50:00 2017] Template file is not found!
[Tue Oct 17 04:50:45 2017] Template file is not found!
[Tue Oct 17 04:50:45 2017] Failed to include class DsController
[Tue Oct 17 04:50:45 2017] Failed to include class DsController
[Tue Oct 17 04:50:45 2017] Template file is not found!
[Tue Oct 17 04:50:49 2017] Template file is not found!
[Tue Oct 17 04:50:49 2017] Template file is not found!
[Tue Oct 17 04:58:58 2017] Template file is not found!
[Tue Oct 17 04:58:58 2017] Failed to include class DsController
[Tue Oct 17 04:58:58 2017] Failed to include class DsController
[Tue Oct 17 04:58:58 2017] Template file is not found!
[Tue Oct 17 05:01:18 2017] Template file is not found!
[Tue Oct 17 05:01:18 2017] Template file is not found!
[Tue Oct 17 05:01:19 2017] Template file is not found!
[Tue Oct 17 05:01:19 2017] Template file is not found!
[Tue Oct 17 05:01:20 2017] Template file is not found!
[Tue Oct 17 05:01:20 2017] Template file is not found!
[Tue Oct 17 05:01:21 2017] Template file is not found!
[Tue Oct 17 05:01:21 2017] Template file is not found!
[Tue Oct 17 05:01:22 2017] Template file is not found!
[Tue Oct 17 05:01:22 2017] Template file is not found!
[Tue Oct 17 05:01:27 2017] Template file is not found!
[Tue Oct 17 05:01:27 2017] Failed to include class ApisdsController
[Tue Oct 17 05:01:27 2017] Failed to include class ApisdsController
[Tue Oct 17 05:01:27 2017] Template file is not found!
[Tue Oct 17 05:09:30 2017] Template file is not found!
[Tue Oct 17 05:09:30 2017] Failed to include class ApisdsController
[Tue Oct 17 05:09:30 2017] Failed to include class ApisdsController
[Tue Oct 17 05:09:30 2017] Template file is not found!
[Tue Oct 17 05:09:58 2017] Template file is not found!
[Tue Oct 17 05:09:58 2017] Failed to include class ApisdsController
[Tue Oct 17 05:09:58 2017] Failed to include class ApisdsController
[Tue Oct 17 05:09:58 2017] Template file is not found!
[Tue Oct 17 05:10:10 2017] Template file is not found!
[Tue Oct 17 05:10:10 2017] Failed to include class ApisdsController
[Tue Oct 17 05:10:10 2017] Failed to include class ApisdsController
[Tue Oct 17 05:10:10 2017] Template file is not found!
[Tue Oct 17 05:10:31 2017] Template file is not found!
[Tue Oct 17 05:10:31 2017] Failed to include class ApisdsController
[Tue Oct 17 05:10:31 2017] Failed to include class ApisdsController
[Tue Oct 17 05:10:31 2017] Template file is not found!
[Tue Oct 17 05:12:51 2017] Template file is not found!
[Tue Oct 17 05:12:51 2017] Failed to include class ApisdsController
[Tue Oct 17 05:12:51 2017] Failed to include class MainApiController
[Tue Oct 17 05:12:51 2017] Failed to include class ApisdsController
[Tue Oct 17 05:12:51 2017] Template file is not found!
[Tue Oct 17 05:12:51 2017] Failed to include class MainApiController
[Tue Oct 17 05:13:17 2017] Template file is not found!
[Tue Oct 17 05:13:17 2017] Failed to include class ApisdsController
[Tue Oct 17 05:13:17 2017] Failed to include class MainApiController
[Tue Oct 17 05:13:17 2017] Template file is not found!
[Tue Oct 17 05:13:17 2017] Failed to include class MainApiController
[Tue Oct 17 05:14:16 2017] Template file is not found!
[Tue Oct 17 05:14:16 2017] Failed to include class ApisdsController
[Tue Oct 17 05:14:16 2017] Failed to include class MainApiController
[Tue Oct 17 05:14:16 2017] Template file is not found!
[Tue Oct 17 05:14:16 2017] Failed to include class MainApiController
[Tue Oct 17 05:14:25 2017] Template file is not found!
[Tue Oct 17 05:14:25 2017] Failed to include class ApisdsdsdsController
[Tue Oct 17 05:14:25 2017] Failed to include class MainApiController
[Tue Oct 17 05:14:25 2017] Template file is not found!
[Tue Oct 17 05:14:25 2017] Failed to include class MainApiController
[Tue Oct 17 05:14:59 2017] Template file is not found!
[Tue Oct 17 05:14:59 2017] Failed to include class ApisdsdsdsController
[Tue Oct 17 05:14:59 2017] Failed to include class MainApiController
[Tue Oct 17 05:14:59 2017] Template file is not found!
[Tue Oct 17 05:14:59 2017] Failed to include class MainApiController
[Tue Oct 17 05:15:53 2017] Template file is not found!
[Tue Oct 17 05:15:53 2017] Failed to include class ApisdsdsdsController
[Tue Oct 17 05:15:53 2017] Failed to include class MainApiController
[Tue Oct 17 05:15:53 2017] Failed to include class ApisdsdsdsController
[Tue Oct 17 05:15:53 2017] Template file is not found!
[Tue Oct 17 05:15:53 2017] Failed to include class MainApiController
[Tue Oct 17 05:20:31 2017] Template file is not found!
[Tue Oct 17 05:20:31 2017] Failed to include class ApisdsdsdsController
[Tue Oct 17 05:20:31 2017] Failed to include class MainApiController
[Tue Oct 17 05:20:31 2017] Failed to include class ApisdsdsdsController
[Tue Oct 17 05:20:31 2017] Template file is not found!
[Tue Oct 17 05:20:31 2017] Failed to include class MainApiController
[Tue Oct 17 05:20:42 2017] Template file is not found!
[Tue Oct 17 05:20:42 2017] Failed to include class ApisdsdsdsController
[Tue Oct 17 05:20:42 2017] Failed to include class MainApiController
[Tue Oct 17 05:20:42 2017] Template file is not found!
[Tue Oct 17 05:20:42 2017] Failed to include class MainApiController
[Tue Oct 17 05:20:59 2017] Template file is not found!
[Tue Oct 17 05:20:59 2017] Failed to include class ApisdsdsdsController
[Tue Oct 17 05:20:59 2017] Failed to include class MainApiController
[Tue Oct 17 05:20:59 2017] Template file is not found!
[Tue Oct 17 05:20:59 2017] Failed to include class MainApiController
[Tue Oct 17 05:21:06 2017] Template file is not found!
[Tue Oct 17 05:21:06 2017] Failed to include class MainApiController
[Tue Oct 17 05:21:11 2017] Template file is not found!
[Tue Oct 17 05:21:11 2017] Template file is not found!
[Tue Oct 17 05:21:11 2017] Failed to include class MainApiController
[Tue Oct 17 05:21:17 2017] Template file is not found!
[Tue Oct 17 05:21:17 2017] Failed to include class ApisController
[Tue Oct 17 05:21:17 2017] Failed to include class MainApiController
[Tue Oct 17 05:21:17 2017] Template file is not found!
[Tue Oct 17 05:21:17 2017] Failed to include class MainApiController
[Tue Oct 17 05:21:21 2017] Template file is not found!
[Tue Oct 17 05:21:21 2017] Template file is not found!
[Tue Oct 17 05:21:21 2017] Failed to include class MainApiController
[Tue Oct 17 05:22:06 2017] Template file is not found!
[Tue Oct 17 05:22:06 2017] Template file is not found!
[Tue Oct 17 05:22:06 2017] Failed to include class MainApiController
[Tue Oct 17 05:22:07 2017] Template file is not found!
[Tue Oct 17 05:22:07 2017] Template file is not found!
[Tue Oct 17 05:22:07 2017] Failed to include class MainApiController
[Tue Oct 17 05:22:08 2017] Template file is not found!
[Tue Oct 17 05:22:08 2017] Template file is not found!
[Tue Oct 17 05:22:08 2017] Failed to include class MainApiController
[Tue Oct 17 05:24:18 2017] Template file is not found!
[Tue Oct 17 05:24:18 2017] Template file is not found!
[Tue Oct 17 05:24:18 2017] Failed to include class MainApiController
[Tue Oct 17 05:24:43 2017] Template file is not found!
[Tue Oct 17 05:24:43 2017] Template file is not found!
[Tue Oct 17 05:24:43 2017] Template file is not found!
[Tue Oct 17 05:24:43 2017] Failed to include class MainApiController
[Tue Oct 17 05:25:31 2017] Template file is not found!
[Tue Oct 17 05:25:31 2017] Template file is not found!
[Tue Oct 17 05:25:31 2017] Template file is not found!
[Tue Oct 17 05:25:31 2017] Failed to include class MainApiController
[Tue Oct 17 05:26:11 2017] Template file is not found!
[Tue Oct 17 05:26:11 2017] Template file is not found!
[Tue Oct 17 05:26:11 2017] Template file is not found!
[Tue Oct 17 05:26:11 2017] Failed to include class MainApiController
[Tue Oct 17 05:27:01 2017] Template file is not found!
[Tue Oct 17 05:27:01 2017] Template file is not found!
[Tue Oct 17 05:27:01 2017] Template file is not found!
[Tue Oct 17 05:27:01 2017] Failed to include class MainApiController
[Tue Oct 17 05:29:37 2017] Template file is not found!
[Tue Oct 17 05:29:37 2017] Template file is not found!
[Tue Oct 17 05:29:37 2017] Template file is not found!
[Tue Oct 17 05:29:37 2017] Failed to include class MainApiController
[Tue Oct 17 05:29:46 2017] Template file is not found!
[Tue Oct 17 05:29:46 2017] Template file is not found!
[Tue Oct 17 05:29:46 2017] Template file is not found!
[Tue Oct 17 05:29:46 2017] Failed to include class MainApiController
[Tue Oct 17 05:32:25 2017] Template file is not found!
[Tue Oct 17 05:32:25 2017] Template file is not found!
[Tue Oct 17 05:32:25 2017] Template file is not found!
[Tue Oct 17 05:32:25 2017] Failed to include class MainApiController
[Tue Oct 17 05:32:26 2017] Template file is not found!
[Tue Oct 17 05:32:26 2017] Template file is not found!
[Tue Oct 17 05:32:26 2017] Template file is not found!
[Tue Oct 17 05:32:26 2017] Failed to include class MainApiController
[Tue Oct 17 05:32:26 2017] Template file is not found!
[Tue Oct 17 05:32:26 2017] Template file is not found!
[Tue Oct 17 05:32:26 2017] Template file is not found!
[Tue Oct 17 05:32:26 2017] Failed to include class MainApiController
[Tue Oct 17 05:32:26 2017] Template file is not found!
[Tue Oct 17 05:32:26 2017] Template file is not found!
[Tue Oct 17 05:32:26 2017] Template file is not found!
[Tue Oct 17 05:32:26 2017] Failed to include class MainApiController
[Tue Oct 17 05:32:27 2017] Template file is not found!
[Tue Oct 17 05:32:27 2017] Template file is not found!
[Tue Oct 17 05:32:27 2017] Template file is not found!
[Tue Oct 17 05:32:27 2017] Failed to include class MainApiController
[Tue Oct 17 05:32:37 2017] Template file is not found!
[Tue Oct 17 05:32:37 2017] Template file is not found!
[Tue Oct 17 05:32:37 2017] Template file is not found!
[Tue Oct 17 05:32:37 2017] Failed to include class MainApiController
[Tue Oct 17 05:33:49 2017] Template file is not found!
[Tue Oct 17 05:33:49 2017] Template file is not found!
[Tue Oct 17 05:33:49 2017] Template file is not found!
[Tue Oct 17 05:33:49 2017] Failed to include class MainApiController
[Tue Oct 17 05:34:11 2017] Template file is not found!
[Tue Oct 17 05:34:11 2017] Failed to include class MainApiController
[Tue Oct 17 05:34:30 2017] Template file is not found!
[Tue Oct 17 05:34:30 2017] Failed to include class MainApiController
[Tue Oct 17 05:34:46 2017] Template file is not found!
[Tue Oct 17 05:34:46 2017] Template file is not found!
[Tue Oct 17 05:34:46 2017] Template file is not found!
[Tue Oct 17 05:34:46 2017] Failed to include class MainApiController
[Tue Oct 17 05:35:08 2017] Template file is not found!
[Tue Oct 17 05:35:08 2017] Template file is not found!
[Tue Oct 17 05:35:08 2017] Template file is not found!
[Tue Oct 17 05:35:08 2017] Failed to include class MainApiController
[Tue Oct 17 05:35:21 2017] Template file is not found!
[Tue Oct 17 05:35:21 2017] Template file is not found!
[Tue Oct 17 05:35:21 2017] Failed to include class MainApiController
[Tue Oct 17 05:35:51 2017] Template file is not found!
[Tue Oct 17 05:35:51 2017] Template file is not found!
[Tue Oct 17 05:35:51 2017] Template file is not found!
[Tue Oct 17 05:35:51 2017] Failed to include class MainApiController
[Tue Oct 17 05:36:11 2017] Template file is not found!
[Tue Oct 17 05:36:11 2017] Template file is not found!
[Tue Oct 17 05:36:11 2017] Template file is not found!
[Tue Oct 17 05:36:11 2017] Failed to include class MainApiController
[Tue Oct 17 05:37:11 2017] Template file is not found!
[Tue Oct 17 05:37:11 2017] Template file is not found!
[Tue Oct 17 05:37:11 2017] Failed to include class MainApiController
[Tue Oct 17 05:38:30 2017] Template file is not found!
[Tue Oct 17 05:38:30 2017] Template file is not found!
[Tue Oct 17 05:38:30 2017] Failed to include class MainApiController
[Tue Oct 17 05:40:16 2017] Template file is not found!
[Tue Oct 17 05:40:16 2017] Template file is not found!
[Tue Oct 17 05:40:16 2017] Failed to include class MainApiController
[Tue Oct 17 05:40:37 2017] Template file is not found!
[Tue Oct 17 05:40:37 2017] Template file is not found!
[Tue Oct 17 05:40:37 2017] Failed to include class MainApiController
[Tue Oct 17 05:41:14 2017] Template file is not found!
[Tue Oct 17 05:41:14 2017] Template file is not found!
[Tue Oct 17 05:41:14 2017] Failed to include class MainApiController
[Tue Oct 17 05:41:39 2017] Template file is not found!
[Tue Oct 17 05:41:39 2017] Template file is not found!
[Tue Oct 17 05:41:39 2017] Failed to include class MainApiController
[Tue Oct 17 05:41:55 2017] Template file is not found!
[Tue Oct 17 05:41:55 2017] Template file is not found!
[Tue Oct 17 05:41:55 2017] Failed to include class MainApiController
[Tue Oct 17 05:42:30 2017] Template file is not found!
[Tue Oct 17 05:42:30 2017] Template file is not found!
[Tue Oct 17 05:42:30 2017] Failed to include class MainApiController
[Tue Oct 17 05:45:44 2017] Template file is not found!
[Tue Oct 17 05:45:44 2017] Template file is not found!
[Tue Oct 17 05:45:44 2017] Failed to include class MainApiController
[Tue Oct 17 05:46:25 2017] Template file is not found!
[Tue Oct 17 05:46:25 2017] Template file is not found!
[Tue Oct 17 05:46:25 2017] Failed to include class MainApiController
[Tue Oct 17 05:46:48 2017] Template file is not found!
[Tue Oct 17 05:46:48 2017] Template file is not found!
[Tue Oct 17 05:46:48 2017] Failed to include class MainApiController
[Tue Oct 17 05:47:05 2017] Template file is not found!
[Tue Oct 17 05:47:05 2017] Template file is not found!
[Tue Oct 17 05:47:05 2017] Failed to include class MainApiController
[Tue Oct 17 18:08:53 2017] Template file is not found!
[Tue Oct 17 18:08:53 2017] Failed to include class DsController
[Tue Oct 17 18:08:53 2017] Failed to include class MainApiController
[Tue Oct 17 18:08:53 2017] Template file is not found!
[Tue Oct 17 18:08:53 2017] Failed to include class MainApiController
[Tue Oct 17 18:08:58 2017] Template file is not found!
[Tue Oct 17 18:08:58 2017] Failed to include class MainApiController
[Tue Oct 17 18:09:38 2017] Template file is not found!
[Tue Oct 17 18:09:38 2017] Failed to include class MainApiController
[Tue Oct 17 18:10:08 2017] Template file is not found!
[Tue Oct 17 18:10:08 2017] Failed to include class MainApiController
[Tue Oct 17 18:10:20 2017] Template file is not found!
[Tue Oct 17 18:10:20 2017] Failed to include class MainApiController
[Tue Oct 17 18:10:26 2017] Template file is not found!
[Tue Oct 17 18:10:26 2017] Failed to include class DsController
[Tue Oct 17 18:10:26 2017] Failed to include class MainApiController
[Tue Oct 17 18:10:26 2017] Template file is not found!
[Tue Oct 17 18:10:26 2017] Failed to include class MainApiController
[Tue Oct 17 18:10:32 2017] Template file is not found!
[Tue Oct 17 18:10:32 2017] Failed to include class MainApiController
[Tue Oct 17 18:11:05 2017] Template file is not found!
[Tue Oct 17 18:11:05 2017] Failed to include class MainApiController
[Tue Oct 17 18:11:22 2017] Template file is not found!
[Tue Oct 17 18:11:22 2017] Template file is not found!
[Tue Oct 17 18:11:22 2017] Failed to include class MainApiController
[Tue Oct 17 18:12:03 2017] Template file is not found!
[Tue Oct 17 18:12:13 2017] Template file is not found!
[Tue Oct 17 18:12:35 2017] Template file is not found!
[Tue Oct 17 18:13:12 2017] Template file is not found!
[Tue Oct 17 18:13:12 2017] Failed to include class AdsController
[Tue Oct 17 18:13:12 2017] Failed to include class MainApiController
[Tue Oct 17 18:13:12 2017] Template file is not found!
[Tue Oct 17 18:13:12 2017] Failed to include class MainApiController
[Tue Oct 17 18:13:24 2017] Template file is not found!
[Tue Oct 17 18:13:24 2017] Failed to include class AdsController
[Tue Oct 17 18:13:24 2017] Failed to include class MainApiController
[Tue Oct 17 18:13:24 2017] Template file is not found!
[Tue Oct 17 18:13:24 2017] Failed to include class MainApiController
[Tue Oct 17 18:14:59 2017] Template file is not found!
[Tue Oct 17 18:14:59 2017] Failed to include class AdsController
[Tue Oct 17 18:14:59 2017] Failed to include class MainApiController
[Tue Oct 17 18:14:59 2017] Template file is not found!
[Tue Oct 17 18:14:59 2017] Failed to include class MainApiController
[Tue Oct 17 18:16:03 2017] Template file is not found!
[Tue Oct 17 18:16:03 2017] Failed to include class AdsController
[Tue Oct 17 18:16:03 2017] Failed to include class MainApiController
[Tue Oct 17 18:16:03 2017] Template file is not found!
[Tue Oct 17 18:16:03 2017] Failed to include class MainApiController
[Tue Oct 17 18:16:07 2017] Template file is not found!
[Tue Oct 17 18:16:07 2017] Template file is not found!
[Tue Oct 17 18:16:07 2017] Failed to include class MainApiController
[Tue Oct 17 18:16:13 2017] Template file is not found!
[Tue Oct 17 18:16:13 2017] Template file is not found!
[Tue Oct 17 18:16:13 2017] Failed to include class MainApiController
[Tue Oct 17 18:16:17 2017] Template file is not found!
[Tue Oct 17 18:16:17 2017] Failed to include class ApisController
[Tue Oct 17 18:16:17 2017] Failed to include class MainApiController
[Tue Oct 17 18:16:17 2017] Template file is not found!
[Tue Oct 17 18:16:17 2017] Failed to include class MainApiController
[Tue Oct 17 18:16:20 2017] Template file is not found!
[Tue Oct 17 18:16:20 2017] Template file is not found!
[Tue Oct 17 18:16:20 2017] Failed to include class MainApiController
[Tue Oct 17 18:18:20 2017] Template file is not found!
[Tue Oct 17 18:18:20 2017] Template file is not found!
[Tue Oct 17 18:18:20 2017] Failed to include class MainApiController
[Tue Oct 17 18:18:38 2017] Template file is not found!
[Tue Oct 17 18:18:38 2017] Template file is not found!
[Tue Oct 17 18:18:38 2017] Failed to include class MainApiController
[Tue Oct 17 18:18:51 2017] Template file is not found!
[Tue Oct 17 18:18:51 2017] Template file is not found!
[Tue Oct 17 18:18:51 2017] Failed to include class MainApiController
[Tue Oct 17 18:22:21 2017] Template file is not found!
[Tue Oct 17 18:22:21 2017] Template file is not found!
[Tue Oct 17 18:22:21 2017] Failed to include class MainApiController
[Tue Oct 17 18:22:31 2017] Template file is not found!
[Tue Oct 17 18:22:31 2017] Failed to include class MainApiController
[Tue Oct 17 18:22:36 2017] Template file is not found!
[Tue Oct 17 18:22:36 2017] Template file is not found!
[Tue Oct 17 18:22:36 2017] Failed to include class MainApiController
[Tue Oct 17 18:23:03 2017] Template file is not found!
[Tue Oct 17 18:23:03 2017] Template file is not found!
[Tue Oct 17 18:23:03 2017] Failed to include class MainApiController
[Tue Oct 17 18:23:09 2017] Template file is not found!
[Tue Oct 17 18:23:09 2017] Template file is not found!
[Tue Oct 17 18:23:09 2017] Failed to include class MainApiController
[Tue Oct 17 18:29:16 2017] Template file is not found!
[Tue Oct 17 18:29:16 2017] Template file is not found!
[Tue Oct 17 18:29:16 2017] Failed to include class MainApiController
[Tue Oct 17 18:29:19 2017] Template file is not found!
[Tue Oct 17 18:29:19 2017] Template file is not found!
[Tue Oct 17 18:29:19 2017] Failed to include class MainApiController
[Tue Oct 17 18:29:21 2017] Template file is not found!
[Tue Oct 17 18:29:21 2017] Template file is not found!
[Tue Oct 17 18:29:21 2017] Failed to include class MainApiController
[Tue Oct 17 18:29:21 2017] Template file is not found!
[Tue Oct 17 18:29:21 2017] Template file is not found!
[Tue Oct 17 18:29:21 2017] Failed to include class MainApiController
[Tue Oct 17 18:30:34 2017] Template file is not found!
[Tue Oct 17 18:30:34 2017] Template file is not found!
[Tue Oct 17 18:30:34 2017] Failed to include class MainApiController
[Tue Oct 17 18:46:24 2017] Template file is not found!
[Tue Oct 17 18:46:24 2017] Template file is not found!
[Tue Oct 17 18:46:24 2017] Failed to include class MainApiController
[Tue Oct 17 18:47:16 2017] Template file is not found!
[Tue Oct 17 18:47:16 2017] Template file is not found!
[Tue Oct 17 18:47:16 2017] Failed to include class MainApiController
[Tue Oct 17 18:48:46 2017] Template file is not found!
[Tue Oct 17 18:48:46 2017] Template file is not found!
[Tue Oct 17 18:48:46 2017] Failed to include class MainApiController
[Tue Oct 17 18:48:53 2017] Template file is not found!
[Tue Oct 17 18:48:53 2017] Failed to include class MainApiController
[Tue Oct 17 18:48:53 2017] Template file is not found!
[Tue Oct 17 18:48:53 2017] Failed to include class MainApiController
[Tue Oct 17 18:48:54 2017] Template file is not found!
[Tue Oct 17 18:48:54 2017] Failed to include class MainApiController
[Tue Oct 17 18:48:55 2017] Template file is not found!
[Tue Oct 17 18:48:55 2017] Failed to include class MainApiController
[Tue Oct 17 18:54:51 2017] Template file is not found!
[Tue Oct 17 18:54:51 2017] Failed to include class MainApiController
[Tue Oct 17 18:54:55 2017] Template file is not found!
[Tue Oct 17 18:54:55 2017] Failed to include class MainApiController
[Tue Oct 17 18:55:00 2017] Template file is not found!
[Tue Oct 17 18:55:00 2017] Template file is not found!
[Tue Oct 17 18:55:00 2017] Failed to include class MainApiController
[Tue Oct 17 18:55:17 2017] Template file is not found!
[Tue Oct 17 18:55:18 2017] Template file is not found!
[Tue Oct 17 18:55:18 2017] Failed to include class MainApiController
[Tue Oct 17 18:55:22 2017] Template file is not found!
[Tue Oct 17 18:55:22 2017] Failed to include class MainApiController
[Tue Oct 17 18:55:35 2017] Template file is not found!
[Tue Oct 17 18:55:35 2017] Failed to include class MainApiController
[Tue Oct 17 18:55:49 2017] Template file is not found!
[Tue Oct 17 18:55:49 2017] Template file is not found!
[Tue Oct 17 18:55:49 2017] Failed to include class MainApiController
[Tue Oct 17 18:55:53 2017] Template file is not found!
[Tue Oct 17 18:55:53 2017] Failed to include class ApisController
[Tue Oct 17 18:55:53 2017] Failed to include class MainApiController
[Tue Oct 17 18:55:53 2017] Template file is not found!
[Tue Oct 17 18:55:53 2017] Failed to include class MainApiController
[Tue Oct 17 18:57:50 2017] Template file is not found!
[Tue Oct 17 18:57:50 2017] Failed to include class ApisController
[Tue Oct 17 18:57:50 2017] Failed to include class MainApiController
[Tue Oct 17 18:57:50 2017] Template file is not found!
[Tue Oct 17 18:57:50 2017] Failed to include class MainApiController
[Tue Oct 17 18:59:02 2017] Template file is not found!
[Tue Oct 17 18:59:02 2017] Failed to include class ApisController
[Tue Oct 17 18:59:02 2017] Failed to include class MainApiController
[Tue Oct 17 18:59:02 2017] Template file is not found!
[Tue Oct 17 18:59:02 2017] Failed to include class MainApiController
[Tue Oct 17 18:59:45 2017] Template file is not found!
[Tue Oct 17 18:59:45 2017] Failed to include class MainApiController
[Tue Oct 17 19:02:42 2017] Template file is not found!
[Tue Oct 17 19:02:42 2017] Failed to include class ApisController
[Tue Oct 17 19:02:42 2017] Failed to include class MainApiController
[Tue Oct 17 19:02:42 2017] Template file is not found!
[Tue Oct 17 19:02:42 2017] Failed to include class MainApiController
[Tue Oct 17 19:02:44 2017] Template file is not found!
[Tue Oct 17 19:02:44 2017] Failed to include class MainApiController
[Tue Oct 17 19:04:06 2017] Template file is not found!
[Tue Oct 17 19:04:06 2017] Template file is not found!
[Tue Oct 17 19:04:06 2017] Template file is not found!
[Tue Oct 17 19:04:06 2017] Template file is not found!
[Tue Oct 17 19:04:06 2017] Failed to include class MainApiController
[Tue Oct 17 19:04:45 2017] Template file is not found!
[Tue Oct 17 19:04:45 2017] Failed to include class MainApiController
[Tue Oct 17 19:06:34 2017] Template file is not found!
[Tue Oct 17 19:06:34 2017] Failed to include class MainApiController
